<?xml version="1.0" encoding="UTF-8"?>
<!-- Generated by org.testng.reporters.JUnitXMLReporter -->
<testsuite ignored="0" hostname="DESKTOP-Q1L3FL8" failures="0" tests="4" name="Selenium Course" time="0.177" errors="0" timestamp="2021-06-25T18:03:42 IST">
  <testcase classname="testngdemo.demo1" name="praveen" time="0.016"/>
  <testcase classname="testngdemo.NewTest" name="box" time="0.004"/>
  <testcase classname="testngdemo.NewTest" name="charger" time="0.009"/>
  <testcase classname="testngdemo.NewTest" name="mobile" time="0.005"/>
</testsuite> <!-- Selenium Course -->
